Building DAG of jobs...
Using shell: /usr/bin/bash
Provided remote nodes: 1
Provided resources: mem_mb=60000, mem_mib=57221, disk_mb=6244, disk_mib=5955, cpus_per_task=8
Select jobs to execute...
Execute 1 jobs...

[Mon Aug 19 11:44:12 2024]
rule run_chromap_index:
    input: /fs/cbcb-lab/rob/students/noor/Uncertainity/brain_sim/annotation/hg38.fa
    output: /fs/nexus-projects/scATAC-seq/chromap/index/hg38, /fs/nexus-projects/scATAC-seq/chromap/index/time_ind.out
    jobid: 0
    reason: Forced execution
    resources: mem_mb=60000, mem_mib=57221, disk_mb=6244, disk_mib=5955, tmpdir=<TBD>, constraint=EPYC-7313, slurm_partition=cbcb, cpus_per_task=8, slurm_extra=--account=cbcb --qos=medium --time=09:10:00 --mail-type=FAIL --mail-user=npsingh@umd.edu

Building DAG of jobs...
Using shell: /usr/bin/bash
Provided cores: 8
Rules claiming more threads will be scaled down.
Provided resources: mem_mb=60000, mem_mib=57221, disk_mb=6244, disk_mib=5955, cpus_per_task=8
Select jobs to execute...
Execute 1 jobs...

[Mon Aug 19 11:44:14 2024]
localrule run_chromap_index:
    input: /fs/cbcb-lab/rob/students/noor/Uncertainity/brain_sim/annotation/hg38.fa
    output: /fs/nexus-projects/scATAC-seq/chromap/index/hg38, /fs/nexus-projects/scATAC-seq/chromap/index/time_ind.out
    jobid: 0
    reason: Forced execution
    resources: mem_mb=60000, mem_mib=57221, disk_mb=6244, disk_mib=5955, tmpdir=/tmp, constraint=EPYC-7313, slurm_partition=cbcb, cpus_per_task=8, slurm_extra=--account=cbcb --qos=medium --time=09:10:00 --mail-type=FAIL --mail-user=npsingh@umd.edu

Build index for the reference.
Kmer length: 17, window size: 7
Reference file: /fs/cbcb-lab/rob/students/noor/Uncertainity/brain_sim/annotation/hg38.fa
Output file: /fs/nexus-projects/scATAC-seq/chromap/index/hg38
Loaded all sequences successfully in 17.51s, number of sequences: 455, number of bases: 3209286105.
Collecting minimizers.
Collected 765153033 minimizers.
Sorting minimizers.
Sorted all minimizers.
Kmer size: 17, window size: 7.
Lookup table size: 393376326, # buckets: 536870912, occurrence table size: 478581398, # singletons: 286571635.
Built index successfully in 145.01s.
[M::Statistics] kmer size: 17; skip: 7; #seq: 455
[M::Statistics::2.103] distinct minimizers: 393376326 (72.85% are singletons); average occurrences: 1.945; average spacing: 4.194
Saved in 22.81s.
[Mon Aug 19 11:47:28 2024]
Finished job 0.
1 of 1 steps (100%) done
Storing output in storage.
[Mon Aug 19 11:47:29 2024]
Finished job 0.
1 of 1 steps (100%) done
Storing output in storage.
