Building DAG of jobs...
SLURM run ID: 76ec664e-55b1-44ca-8a1d-2f0361c889d2
Using shell: /usr/bin/bash
Provided remote nodes: 1
Job stats:
job                  count
-----------------  -------
run_chromap_index        1
total                    1

Select jobs to execute...
Execute 1 jobs...

[Mon Aug 19 11:43:58 2024]
rule run_chromap_index:
    input: /fs/cbcb-lab/rob/students/noor/Uncertainity/brain_sim/annotation/hg38.fa
    output: /fs/nexus-projects/scATAC-seq/chromap/index/hg38, /fs/nexus-projects/scATAC-seq/chromap/index/time_ind.out
    jobid: 0
    reason: Missing output files: /fs/nexus-projects/scATAC-seq/chromap/index/time_ind.out, /fs/nexus-projects/scATAC-seq/chromap/index/hg38
    resources: mem_mb=60000, mem_mib=57221, disk_mb=6244, disk_mib=5955, tmpdir=<TBD>, constraint=EPYC-7313, slurm_partition=cbcb, cpus_per_task=8, slurm_extra=--account=cbcb --qos=medium --time=09:10:00 --mail-type=FAIL --mail-user=npsingh@umd.edu

No SLURM account given, trying to guess.
Unable to guess SLURM account. Trying to proceed without.
No wall time information given. This might or might not work on your cluster. If not, specify the resource runtime in your rule or as a reasonable default via --default-resources.
Job 0 has been submitted with SLURM jobid 3029421 (log: /fs/nexus-projects/scATAC-seq/snake/run_chromap/.snakemake/slurm_logs/rule_run_chromap_index/3029421.log).
[Mon Aug 19 11:48:00 2024]
Finished job 0.
1 of 1 steps (100%) done
Complete log: .snakemake/log/2024-08-19T114357.515686.snakemake.log
